[stage_b0f] run_dir=/root/mamba_recall_experiment/runs/20260620_180244 commit=f96a61f cap_hours=6.00
/root/miniconda3/envs/mamba2/lib/python3.10/site-packages/torch/nn/modules/transformer.py:282: UserWarning: enable_nested_tensor is True, but self.use_nested_tensor is False because encoder_layer.norm_first was True
  warnings.warn(f"enable_nested_tensor is True, but self.use_nested_tensor is False because {why_not_sparsity_fast_path}")
[B0F.1] resumed stage_b0f_b01_extend4l256_seed0 from stage_b0e_b01_induction_v8_seed0 at step 30000
[B0F.1] stage_b0f_b01_extend4l256_seed0 step=32000 phase=(1, 2, 4, 8) inductionN8=0.7131/0.558 singleN8=0.6061/0.843
[B0F.1] stage_b0f_b01_extend4l256_seed0 step=34000 phase=(1, 2, 4, 8) inductionN8=0.7167/0.540 singleN8=0.6073/0.835
[B0F.1] stage_b0f_b01_extend4l256_seed0 step=36000 phase=(1, 2, 4, 8) inductionN8=0.7189/0.533 singleN8=0.6089/0.831
[B0F.1] stage_b0f_b01_extend4l256_seed0 step=38000 phase=(1, 2, 4, 8) inductionN8=0.7189/0.533 singleN8=0.6100/0.830
[B0F.1] stage_b0f_b01_extend4l256_seed0 step=40000 phase=(1, 2, 4, 8) inductionN8=0.7071/0.567 singleN8=0.5851/0.854
[B0F.1] stage_b0f_b01_extend4l256_seed0 step=42000 phase=(1, 2, 4, 8) inductionN8=0.7215/0.527 singleN8=0.6104/0.825
[B0F.1] stage_b0f_b01_extend4l256_seed0 step=44000 phase=(1, 2, 4, 8) inductionN8=0.7205/0.530 singleN8=0.6057/0.832
[B0F.1] stage_b0f_b01_extend4l256_seed0 step=46000 phase=(1, 2, 4, 8) inductionN8=0.7212/0.531 singleN8=0.6133/0.832
[B0F.1] stage_b0f_b01_extend4l256_seed0 step=48000 phase=(1, 2, 4, 8) inductionN8=0.7147/0.549 singleN8=0.6014/0.844
[B0F.1] stage_b0f_b01_extend4l256_seed0 step=50000 phase=(1, 2, 4, 8) inductionN8=0.7222/0.522 singleN8=0.6132/0.823
[B0F.1] stage_b0f_b01_extend4l256_seed0 step=52000 phase=(1, 2, 4, 8) inductionN8=0.7222/0.523 singleN8=0.6134/0.824
[B0F.1] stage_b0f_b01_extend4l256_seed0 step=54000 phase=(1, 2, 4, 8) inductionN8=0.7203/0.527 singleN8=0.6123/0.827
[B0F.1] stage_b0f_b01_extend4l256_seed0 step=56000 phase=(1, 2, 4, 8) inductionN8=0.7227/0.522 singleN8=0.6083/0.823
[B0F.1] stage_b0f_b01_extend4l256_seed0 step=58000 phase=(1, 2, 4, 8) inductionN8=0.7204/0.529 singleN8=0.6068/0.832
[B0F.1] stage_b0f_b01_extend4l256_seed0 step=60000 phase=(1, 2, 4, 8) inductionN8=0.7262/0.517 singleN8=0.6145/0.826
[B0F.1] stage_b0f_b01_extend4l256_seed0 step=62000 phase=(1, 2, 4, 8) inductionN8=0.7204/0.524 singleN8=0.6073/0.826
[B0F.1] stage_b0f_b01_extend4l256_seed0 step=64000 phase=(1, 2, 4, 8) inductionN8=0.7237/0.513 singleN8=0.6139/0.821
[B0F.1] stage_b0f_b01_extend4l256_seed0 step=66000 phase=(1, 2, 4, 8) inductionN8=0.7206/0.527 singleN8=0.6124/0.832
[B0F.1] stage_b0f_b01_extend4l256_seed0 step=68000 phase=(1, 2, 4, 8) inductionN8=0.7241/0.518 singleN8=0.6143/0.825
[B0F.1] stage_b0f_b01_extend4l256_seed0 step=70000 phase=(1, 2, 4, 8) inductionN8=0.7209/0.521 singleN8=0.6125/0.824
[B0F.1] stage_b0f_b01_extend4l256_seed0 step=72000 phase=(1, 2, 4, 8) inductionN8=0.7246/0.513 singleN8=0.6145/0.820
[B0F.1] stage_b0f_b01_extend4l256_seed0 step=74000 phase=(1, 2, 4, 8) inductionN8=0.7208/0.519 singleN8=0.6113/0.830
[B0F.1] stage_b0f_b01_extend4l256_seed0 step=76000 phase=(1, 2, 4, 8) inductionN8=0.7229/0.519 singleN8=0.6152/0.821
[B0F.1] stage_b0f_b01_extend4l256_seed0 step=78000 phase=(1, 2, 4, 8) inductionN8=0.7250/0.511 singleN8=0.6117/0.820
[B0F.1] stage_b0f_b01_extend4l256_seed0 step=80000 phase=(1, 2, 4, 8) inductionN8=0.7242/0.515 singleN8=0.6101/0.831
[B0F.1] stage_b0f_b01_extend4l256_seed0 step=82000 phase=(1, 2, 4, 8) inductionN8=0.7211/0.517 singleN8=0.6107/0.831
[B0F.1] stage_b0f_b01_extend4l256_seed0 step=84000 phase=(1, 2, 4, 8) inductionN8=0.7259/0.512 singleN8=0.6129/0.821
[B0F.1] stage_b0f_b01_extend4l256_seed0 step=86000 phase=(1, 2, 4, 8) inductionN8=0.7258/0.512 singleN8=0.6101/0.825
[B0F.1] stage_b0f_b01_extend4l256_seed0 step=88000 phase=(1, 2, 4, 8) inductionN8=0.7243/0.515 singleN8=0.6150/0.824
[B0F.1] stage_b0f_b01_extend4l256_seed0 step=90000 phase=(1, 2, 4, 8) inductionN8=0.7245/0.516 singleN8=0.6105/0.825
[B0F.1] stage_b0f_b01_extend4l256_seed0 step=92000 phase=(1, 2, 4, 8) inductionN8=0.7243/0.516 singleN8=0.6091/0.829
[B0F.1] stage_b0f_b01_extend4l256_seed0 step=94000 phase=(1, 2, 4, 8) inductionN8=0.7225/0.514 singleN8=0.6121/0.829
[B0F.1] stage_b0f_b01_extend4l256_seed0 step=96000 phase=(1, 2, 4, 8) inductionN8=0.7236/0.513 singleN8=0.6119/0.824
[B0F.1] stage_b0f_b01_extend4l256_seed0 step=98000 phase=(1, 2, 4, 8) inductionN8=0.7254/0.513 singleN8=0.6146/0.820
[B0F.1] stage_b0f_b01_extend4l256_seed0 step=100000 phase=(1, 2, 4, 8) inductionN8=0.7239/0.511 singleN8=0.6128/0.820
/root/miniconda3/envs/mamba2/lib/python3.10/site-packages/torch/nn/modules/transformer.py:282: UserWarning: enable_nested_tensor is True, but self.use_nested_tensor is False because encoder_layer.norm_first was True
  warnings.warn(f"enable_nested_tensor is True, but self.use_nested_tensor is False because {why_not_sparsity_fast_path}")
[B0F.1] resumed stage_b0f_b01_extend4l256_seed2 from stage_b0e_b01_induction_v8_seed2 at step 30000
[B0F.1] stage_b0f_b01_extend4l256_seed2 step=32000 phase=(1, 2, 4, 8) inductionN8=0.6183/0.841 singleN8=0.6108/0.901
[B0F.1] stage_b0f_b01_extend4l256_seed2 step=34000 phase=(1, 2, 4, 8) inductionN8=0.6295/0.812 singleN8=0.6127/0.890
[B0F.1] stage_b0f_b01_extend4l256_seed2 step=36000 phase=(1, 2, 4, 8) inductionN8=0.6296/0.819 singleN8=0.6089/0.899
[B0F.1] stage_b0f_b01_extend4l256_seed2 step=38000 phase=(1, 2, 4, 8) inductionN8=0.6320/0.797 singleN8=0.6088/0.876
[B0F.1] stage_b0f_b01_extend4l256_seed2 step=40000 phase=(1, 2, 4, 8) inductionN8=0.6355/0.781 singleN8=0.6075/0.874
[B0F.1] stage_b0f_b01_extend4l256_seed2 step=42000 phase=(1, 2, 4, 8) inductionN8=0.6375/0.774 singleN8=0.6116/0.886
[B0F.1] stage_b0f_b01_extend4l256_seed2 step=44000 phase=(1, 2, 4, 8) inductionN8=0.6443/0.750 singleN8=0.6086/0.871
[B0F.1] stage_b0f_b01_extend4l256_seed2 step=46000 phase=(1, 2, 4, 8) inductionN8=0.6449/0.738 singleN8=0.6110/0.860
[B0F.1] stage_b0f_b01_extend4l256_seed2 step=48000 phase=(1, 2, 4, 8) inductionN8=0.6482/0.726 singleN8=0.6121/0.848
[B0F.1] stage_b0f_b01_extend4l256_seed2 step=50000 phase=(1, 2, 4, 8) inductionN8=0.6511/0.715 singleN8=0.6058/0.845
[B0F.1] stage_b0f_b01_extend4l256_seed2 step=52000 phase=(1, 2, 4, 8) inductionN8=0.6359/0.763 singleN8=0.6019/0.863
[B0F.1] stage_b0f_b01_extend4l256_seed2 step=54000 phase=(1, 2, 4, 8) inductionN8=0.6535/0.697 singleN8=0.6096/0.835
[B0F.1] stage_b0f_b01_extend4l256_seed2 step=56000 phase=(1, 2, 4, 8) inductionN8=0.6539/0.700 singleN8=0.6121/0.831
[B0F.1] stage_b0f_b01_extend4l256_seed2 step=58000 phase=(1, 2, 4, 8) inductionN8=0.6470/0.708 singleN8=0.6028/0.839
[B0F.1] stage_b0f_b01_extend4l256_seed2 step=60000 phase=(1, 2, 4, 8) inductionN8=0.6551/0.684 singleN8=0.6017/0.839
[B0F.1] stage_b0f_b01_extend4l256_seed2 step=62000 phase=(1, 2, 4, 8) inductionN8=0.6572/0.689 singleN8=0.6141/0.832
[B0F.1] stage_b0f_b01_extend4l256_seed2 step=64000 phase=(1, 2, 4, 8) inductionN8=0.6542/0.690 singleN8=0.6041/0.846
[B0F.1] stage_b0f_b01_extend4l256_seed2 step=66000 phase=(1, 2, 4, 8) inductionN8=0.6612/0.675 singleN8=0.6013/0.843
[B0F.1] stage_b0f_b01_extend4l256_seed2 step=68000 phase=(1, 2, 4, 8) inductionN8=0.6607/0.670 singleN8=0.6119/0.834
[B0F.1] stage_b0f_b01_extend4l256_seed2 step=70000 phase=(1, 2, 4, 8) inductionN8=0.6606/0.672 singleN8=0.6118/0.834
[B0F.1] stage_b0f_b01_extend4l256_seed2 step=72000 phase=(1, 2, 4, 8) inductionN8=0.6534/0.706 singleN8=0.6069/0.838
[B0F.1] stage_b0f_b01_extend4l256_seed2 step=74000 phase=(1, 2, 4, 8) inductionN8=0.6638/0.661 singleN8=0.6138/0.822
[B0F.1] stage_b0f_b01_extend4l256_seed2 step=76000 phase=(1, 2, 4, 8) inductionN8=0.6627/0.662 singleN8=0.6152/0.824
[B0F.1] stage_b0f_b01_extend4l256_seed2 step=78000 phase=(1, 2, 4, 8) inductionN8=0.6619/0.666 singleN8=0.6113/0.835
[B0F.1] stage_b0f_b01_extend4l256_seed2 step=80000 phase=(1, 2, 4, 8) inductionN8=0.6637/0.659 singleN8=0.6121/0.827
[B0F.1] stage_b0f_b01_extend4l256_seed2 step=82000 phase=(1, 2, 4, 8) inductionN8=0.6626/0.666 singleN8=0.6171/0.826
[B0F.1] stage_b0f_b01_extend4l256_seed2 step=84000 phase=(1, 2, 4, 8) inductionN8=0.6651/0.658 singleN8=0.6117/0.823
[B0F.1] stage_b0f_b01_extend4l256_seed2 step=86000 phase=(1, 2, 4, 8) inductionN8=0.6655/0.648 singleN8=0.6072/0.826
[B0F.1] stage_b0f_b01_extend4l256_seed2 step=88000 phase=(1, 2, 4, 8) inductionN8=0.6638/0.654 singleN8=0.6177/0.826
[B0F.1] stage_b0f_b01_extend4l256_seed2 step=90000 phase=(1, 2, 4, 8) inductionN8=0.6642/0.654 singleN8=0.6128/0.827
[B0F.1] stage_b0f_b01_extend4l256_seed2 step=92000 phase=(1, 2, 4, 8) inductionN8=0.6679/0.647 singleN8=0.6152/0.824
[B0F.1] stage_b0f_b01_extend4l256_seed2 step=94000 phase=(1, 2, 4, 8) inductionN8=0.6596/0.663 singleN8=0.6110/0.834
[B0F.1] stage_b0f_b01_extend4l256_seed2 step=96000 phase=(1, 2, 4, 8) inductionN8=0.6665/0.641 singleN8=0.6116/0.821
[B0F.1] stage_b0f_b01_extend4l256_seed2 step=98000 phase=(1, 2, 4, 8) inductionN8=0.6655/0.644 singleN8=0.6099/0.828
[B0F.1] stage_b0f_b01_extend4l256_seed2 step=100000 phase=(1, 2, 4, 8) inductionN8=0.6640/0.662 singleN8=0.6106/0.825
/root/miniconda3/envs/mamba2/lib/python3.10/site-packages/torch/nn/modules/transformer.py:282: UserWarning: enable_nested_tensor is True, but self.use_nested_tensor is False because encoder_layer.norm_first was True
  warnings.warn(f"enable_nested_tensor is True, but self.use_nested_tensor is False because {why_not_sparsity_fast_path}")
[B0F.2] starting stage_b0f_b02_candidateA_6l256_seed0
[B0F.2] stage_b0f_b02_candidateA_6l256_seed0 step=2000 phase=(1, 2) inductionN8=0.1896/4.021 singleN8=0.1853/2.685
[B0F.2] stage_b0f_b02_candidateA_6l256_seed0 step=4000 phase=(1, 2) inductionN8=0.1956/7.646 singleN8=0.2091/6.781
[B0F.2] stage_b0f_b02_candidateA_6l256_seed0 step=6000 phase=(1, 2, 4) inductionN8=0.2214/4.243 singleN8=0.1880/5.034
[B0F.2] stage_b0f_b02_candidateA_6l256_seed0 step=8000 phase=(1, 2, 4) inductionN8=0.2547/4.553 singleN8=0.2211/4.444
[B0F.2] stage_b0f_b02_candidateA_6l256_seed0 step=10000 phase=(1, 2, 4) inductionN8=0.2423/4.647 singleN8=0.2223/4.556
[B0F.2] stage_b0f_b02_candidateA_6l256_seed0 step=12000 phase=(1, 2, 4, 8) inductionN8=0.4893/1.104 singleN8=0.3740/1.374
[B0F.2] stage_b0f_b02_candidateA_6l256_seed0 step=14000 phase=(1, 2, 4, 8) inductionN8=0.5303/0.985 singleN8=0.3981/1.346
[B0F.2] stage_b0f_b02_candidateA_6l256_seed0 step=16000 phase=(1, 2, 4, 8) inductionN8=0.5352/0.964 singleN8=0.3870/1.368
[B0F.2] stage_b0f_b02_candidateA_6l256_seed0 step=18000 phase=(1, 2, 4, 8) inductionN8=0.5464/0.935 singleN8=0.4048/1.344
[B0F.2] stage_b0f_b02_candidateA_6l256_seed0 step=20000 phase=(1, 2, 4, 8) inductionN8=0.5459/0.929 singleN8=0.4100/1.344
[B0F.2] stage_b0f_b02_candidateA_6l256_seed0 step=22000 phase=(1, 2, 4, 8) inductionN8=0.5535/0.906 singleN8=0.4091/1.335
[B0F.2] stage_b0f_b02_candidateA_6l256_seed0 step=24000 phase=(1, 2, 4, 8) inductionN8=0.5461/0.922 singleN8=0.4053/1.343
[B0F.2] stage_b0f_b02_candidateA_6l256_seed0 step=26000 phase=(1, 2, 4, 8) inductionN8=0.5527/0.902 singleN8=0.4152/1.339
[B0F.2] stage_b0f_b02_candidateA_6l256_seed0 step=28000 phase=(1, 2, 4, 8) inductionN8=0.5591/0.886 singleN8=0.4138/1.328
[B0F.2] stage_b0f_b02_candidateA_6l256_seed0 step=30000 phase=(1, 2, 4, 8) inductionN8=0.5576/0.893 singleN8=0.4167/1.336
/root/miniconda3/envs/mamba2/lib/python3.10/site-packages/torch/nn/modules/transformer.py:282: UserWarning: enable_nested_tensor is True, but self.use_nested_tensor is False because encoder_layer.norm_first was True
  warnings.warn(f"enable_nested_tensor is True, but self.use_nested_tensor is False because {why_not_sparsity_fast_path}")
[B0F.2] starting stage_b0f_b02_candidateA_6l256_seed1
[B0F.2] stage_b0f_b02_candidateA_6l256_seed1 step=2000 phase=(1, 2) inductionN8=0.2053/6.225 singleN8=0.2214/6.030
[B0F.2] stage_b0f_b02_candidateA_6l256_seed1 step=4000 phase=(1, 2) inductionN8=0.1917/6.351 singleN8=0.2220/5.953
[B0F.2] stage_b0f_b02_candidateA_6l256_seed1 step=6000 phase=(1, 2, 4) inductionN8=0.2372/4.884 singleN8=0.2799/5.061
[B0F.2] stage_b0f_b02_candidateA_6l256_seed1 step=8000 phase=(1, 2, 4) inductionN8=0.2323/5.659 singleN8=0.2510/5.570
[B0F.2] stage_b0f_b02_candidateA_6l256_seed1 step=10000 phase=(1, 2, 4) inductionN8=0.2217/6.625 singleN8=0.2548/6.672
[B0F.2] stage_b0f_b02_candidateA_6l256_seed1 step=12000 phase=(1, 2, 4, 8) inductionN8=0.5309/1.073 singleN8=0.4945/1.173
[B0F.2] stage_b0f_b02_candidateA_6l256_seed1 step=14000 phase=(1, 2, 4, 8) inductionN8=0.5544/1.023 singleN8=0.5037/1.137
[B0F.2] stage_b0f_b02_candidateA_6l256_seed1 step=16000 phase=(1, 2, 4, 8) inductionN8=0.5410/1.037 singleN8=0.4994/1.145
[B0F.2] stage_b0f_b02_candidateA_6l256_seed1 step=18000 phase=(1, 2, 4, 8) inductionN8=0.5747/0.968 singleN8=0.5154/1.123
[B0F.2] stage_b0f_b02_candidateA_6l256_seed1 step=20000 phase=(1, 2, 4, 8) inductionN8=0.5807/0.958 singleN8=0.5104/1.130
[B0F.2] stage_b0f_b02_candidateA_6l256_seed1 step=22000 phase=(1, 2, 4, 8) inductionN8=0.5892/0.923 singleN8=0.5060/1.116
[B0F.2] stage_b0f_b02_candidateA_6l256_seed1 step=24000 phase=(1, 2, 4, 8) inductionN8=0.5971/0.897 singleN8=0.5127/1.102
[B0F.2] stage_b0f_b02_candidateA_6l256_seed1 step=26000 phase=(1, 2, 4, 8) inductionN8=0.5942/0.908 singleN8=0.5156/1.116
[B0F.2] stage_b0f_b02_candidateA_6l256_seed1 step=28000 phase=(1, 2, 4, 8) inductionN8=0.5973/0.893 singleN8=0.5011/1.114
[B0F.2] stage_b0f_b02_candidateA_6l256_seed1 step=30000 phase=(1, 2, 4, 8) inductionN8=0.6096/0.855 singleN8=0.5126/1.087
/root/miniconda3/envs/mamba2/lib/python3.10/site-packages/torch/nn/modules/transformer.py:282: UserWarning: enable_nested_tensor is True, but self.use_nested_tensor is False because encoder_layer.norm_first was True
  warnings.warn(f"enable_nested_tensor is True, but self.use_nested_tensor is False because {why_not_sparsity_fast_path}")
[B0F.2] starting stage_b0f_b02_candidateA_6l256_seed2
[B0F.2] stage_b0f_b02_candidateA_6l256_seed2 step=2000 phase=(1, 2) inductionN8=0.2075/6.833 singleN8=0.2356/6.249
[B0F.2] stage_b0f_b02_candidateA_6l256_seed2 step=4000 phase=(1, 2) inductionN8=0.1873/7.991 singleN8=0.1838/7.861
[B0F.2] stage_b0f_b02_candidateA_6l256_seed2 step=6000 phase=(1, 2, 4) inductionN8=0.2368/6.383 singleN8=0.2648/4.982
[B0F.2] stage_b0f_b02_candidateA_6l256_seed2 step=8000 phase=(1, 2, 4) inductionN8=0.2191/7.545 singleN8=0.2539/6.788
[B0F.2] stage_b0f_b02_candidateA_6l256_seed2 step=10000 phase=(1, 2, 4) inductionN8=0.2149/7.719 singleN8=0.2393/6.922
[B0F.2] stage_b0f_b02_candidateA_6l256_seed2 step=12000 phase=(1, 2, 4, 8) inductionN8=0.4376/1.302 singleN8=0.4904/1.216
[B0F.2] stage_b0f_b02_candidateA_6l256_seed2 step=14000 phase=(1, 2, 4, 8) inductionN8=0.4470/1.262 singleN8=0.4922/1.200
[B0F.2] stage_b0f_b02_candidateA_6l256_seed2 step=16000 phase=(1, 2, 4, 8) inductionN8=0.4647/1.227 singleN8=0.5022/1.180
[B0F.2] stage_b0f_b02_candidateA_6l256_seed2 step=18000 phase=(1, 2, 4, 8) inductionN8=0.4718/1.210 singleN8=0.5016/1.185
[B0F.2] stage_b0f_b02_candidateA_6l256_seed2 step=20000 phase=(1, 2, 4, 8) inductionN8=0.4968/1.157 singleN8=0.5044/1.165
[B0F.2] stage_b0f_b02_candidateA_6l256_seed2 step=22000 phase=(1, 2, 4, 8) inductionN8=0.5065/1.117 singleN8=0.5001/1.157
[B0F.2] stage_b0f_b02_candidateA_6l256_seed2 step=24000 phase=(1, 2, 4, 8) inductionN8=0.5190/1.087 singleN8=0.4999/1.159
[B0F.2] stage_b0f_b02_candidateA_6l256_seed2 step=26000 phase=(1, 2, 4, 8) inductionN8=0.5220/1.064 singleN8=0.5089/1.144
[B0F.2] stage_b0f_b02_candidateA_6l256_seed2 step=28000 phase=(1, 2, 4, 8) inductionN8=0.5138/1.084 singleN8=0.5046/1.159
[B0F.2] stage_b0f_b02_candidateA_6l256_seed2 step=30000 phase=(1, 2, 4, 8) inductionN8=0.5195/1.079 singleN8=0.4994/1.148
/root/miniconda3/envs/mamba2/lib/python3.10/site-packages/torch/nn/modules/transformer.py:282: UserWarning: enable_nested_tensor is True, but self.use_nested_tensor is False because encoder_layer.norm_first was True
  warnings.warn(f"enable_nested_tensor is True, but self.use_nested_tensor is False because {why_not_sparsity_fast_path}")
[B0F.2] starting stage_b0f_b02_candidateB_4l384_seed0
[B0F.2] stage_b0f_b02_candidateB_4l384_seed0 step=2000 phase=(1, 2) inductionN8=0.2475/8.128 singleN8=0.2764/7.851
[B0F.2] stage_b0f_b02_candidateB_4l384_seed0 step=4000 phase=(1, 2) inductionN8=0.2672/9.584 singleN8=0.2690/9.696
[B0F.2] stage_b0f_b02_candidateB_4l384_seed0 step=6000 phase=(1, 2, 4) inductionN8=0.2614/5.616 singleN8=0.2328/6.622
[B0F.2] stage_b0f_b02_candidateB_4l384_seed0 step=8000 phase=(1, 2, 4) inductionN8=0.2426/7.611 singleN8=0.2167/8.037
[B0F.2] stage_b0f_b02_candidateB_4l384_seed0 step=10000 phase=(1, 2, 4) inductionN8=0.2492/6.868 singleN8=0.2239/7.573
[B0F.2] stage_b0f_b02_candidateB_4l384_seed0 step=12000 phase=(1, 2, 4, 8) inductionN8=0.4171/1.356 singleN8=0.3541/1.457
[B0F.2] stage_b0f_b02_candidateB_4l384_seed0 step=14000 phase=(1, 2, 4, 8) inductionN8=0.5138/1.078 singleN8=0.4572/1.232
[B0F.2] stage_b0f_b02_candidateB_4l384_seed0 step=16000 phase=(1, 2, 4, 8) inductionN8=0.5549/0.953 singleN8=0.4866/1.149
[B0F.2] stage_b0f_b02_candidateB_4l384_seed0 step=18000 phase=(1, 2, 4, 8) inductionN8=0.5919/0.852 singleN8=0.4851/1.122
[B0F.2] stage_b0f_b02_candidateB_4l384_seed0 step=20000 phase=(1, 2, 4, 8) inductionN8=0.5965/0.828 singleN8=0.4905/1.121
[B0F.2] stage_b0f_b02_candidateB_4l384_seed0 step=22000 phase=(1, 2, 4, 8) inductionN8=0.6025/0.816 singleN8=0.4989/1.101
[B0F.2] stage_b0f_b02_candidateB_4l384_seed0 step=24000 phase=(1, 2, 4, 8) inductionN8=0.6075/0.788 singleN8=0.5059/1.093
[B0F.2] stage_b0f_b02_candidateB_4l384_seed0 step=26000 phase=(1, 2, 4, 8) inductionN8=0.6001/0.812 singleN8=0.4971/1.120
[B0F.2] stage_b0f_b02_candidateB_4l384_seed0 step=28000 phase=(1, 2, 4, 8) inductionN8=0.6102/0.776 singleN8=0.5039/1.093
[B0F.2] stage_b0f_b02_candidateB_4l384_seed0 step=30000 phase=(1, 2, 4, 8) inductionN8=0.6119/0.770 singleN8=0.5055/1.095
/root/miniconda3/envs/mamba2/lib/python3.10/site-packages/torch/nn/modules/transformer.py:282: UserWarning: enable_nested_tensor is True, but self.use_nested_tensor is False because encoder_layer.norm_first was True
  warnings.warn(f"enable_nested_tensor is True, but self.use_nested_tensor is False because {why_not_sparsity_fast_path}")
[B0F.2] starting stage_b0f_b02_candidateB_4l384_seed1
[B0F.2] stage_b0f_b02_candidateB_4l384_seed1 step=2000 phase=(1, 2) inductionN8=0.2189/6.283 singleN8=0.2474/6.302
[B0F.2] stage_b0f_b02_candidateB_4l384_seed1 step=4000 phase=(1, 2) inductionN8=0.2019/7.739 singleN8=0.2242/8.257
[B0F.2] stage_b0f_b02_candidateB_4l384_seed1 step=6000 phase=(1, 2, 4) inductionN8=0.2514/5.179 singleN8=0.2654/5.946
[B0F.2] stage_b0f_b02_candidateB_4l384_seed1 step=8000 phase=(1, 2, 4) inductionN8=0.2388/6.369 singleN8=0.2366/6.668
[B0F.2] stage_b0f_b02_candidateB_4l384_seed1 step=10000 phase=(1, 2, 4) inductionN8=0.2324/5.026 singleN8=0.2532/5.772
[B0F.2] stage_b0f_b02_candidateB_4l384_seed1 step=12000 phase=(1, 2, 4, 8) inductionN8=0.9542/0.153 singleN8=0.9644/0.121
[B0F.2] stage_b0f_b02_candidateB_4l384_seed1 step=14000 phase=(1, 2, 4, 8) inductionN8=0.9865/0.045 singleN8=0.9956/0.027
/root/miniconda3/envs/mamba2/lib/python3.10/site-packages/torch/nn/modules/transformer.py:282: UserWarning: enable_nested_tensor is True, but self.use_nested_tensor is False because encoder_layer.norm_first was True
  warnings.warn(f"enable_nested_tensor is True, but self.use_nested_tensor is False because {why_not_sparsity_fast_path}")
[B0F.2] starting stage_b0f_b02_candidateB_4l384_seed2
[B0F.2] stage_b0f_b02_candidateB_4l384_seed2 step=2000 phase=(1, 2) inductionN8=0.2180/6.749 singleN8=0.2416/6.336
[B0F.2] stage_b0f_b02_candidateB_4l384_seed2 step=4000 phase=(1, 2) inductionN8=0.2234/6.880 singleN8=0.2374/5.463
[B0F.2] stage_b0f_b02_candidateB_4l384_seed2 step=6000 phase=(1, 2, 4) inductionN8=0.2264/4.319 singleN8=0.2257/3.168
[B0F.2] stage_b0f_b02_candidateB_4l384_seed2 step=8000 phase=(1, 2, 4) inductionN8=0.2318/5.317 singleN8=0.2189/5.020
[B0F.2] stage_b0f_b02_candidateB_4l384_seed2 step=10000 phase=(1, 2, 4) inductionN8=0.2259/5.858 singleN8=0.2205/5.673
[B0F.2] stage_b0f_b02_candidateB_4l384_seed2 step=12000 phase=(1, 2, 4, 8) inductionN8=0.5079/1.064 singleN8=0.3737/1.390
[B0F.2] stage_b0f_b02_candidateB_4l384_seed2 step=14000 phase=(1, 2, 4, 8) inductionN8=0.5369/0.982 singleN8=0.3955/1.374
[B0F.2] stage_b0f_b02_candidateB_4l384_seed2 step=16000 phase=(1, 2, 4, 8) inductionN8=0.5049/1.093 singleN8=0.3756/1.390
[B0F.2] stage_b0f_b02_candidateB_4l384_seed2 step=18000 phase=(1, 2, 4, 8) inductionN8=0.5457/0.934 singleN8=0.4077/1.342
[B0F.2] stage_b0f_b02_candidateB_4l384_seed2 step=20000 phase=(1, 2, 4, 8) inductionN8=0.5500/0.920 singleN8=0.4042/1.342
[B0F.2] stage_b0f_b02_candidateB_4l384_seed2 step=22000 phase=(1, 2, 4, 8) inductionN8=0.5517/0.925 singleN8=0.4133/1.336
[B0F.2] stage_b0f_b02_candidateB_4l384_seed2 step=24000 phase=(1, 2, 4, 8) inductionN8=0.5531/0.918 singleN8=0.4092/1.337
[B0F.2] stage_b0f_b02_candidateB_4l384_seed2 step=26000 phase=(1, 2, 4, 8) inductionN8=0.5551/0.906 singleN8=0.4113/1.336
[B0F.2] stage_b0f_b02_candidateB_4l384_seed2 step=28000 phase=(1, 2, 4, 8) inductionN8=0.5546/0.911 singleN8=0.4108/1.343
[B0F.2] stage_b0f_b02_candidateB_4l384_seed2 step=30000 phase=(1, 2, 4, 8) inductionN8=0.5587/0.902 singleN8=0.4177/1.329
[stage_b0f] done B0F.1=FAIL_PLATEAU B0F.2=FAIL B0F.3=SKIPPED allowed_B=NO
